TN:
SF:src\core\events\EventBus.ts
FN:13,<instance_members_initializer>
FN:18,emit
FN:48,on
FN:65,once
FN:66,wrappedHandler
FN:77,off
FN:94,removeAllListeners
FN:105,listenerCount
FNF:8
FNH:8
FNDA:15,<instance_members_initializer>
FNDA:16,emit
FNDA:19,on
FNDA:2,once
FNDA:2,wrappedHandler
FNDA:5,off
FNDA:2,removeAllListeners
FNDA:5,listenerCount
DA:12,1
DA:13,1
DA:18,1
DA:19,16
DA:20,16
DA:21,7
DA:22,7
DA:25,9
DA:27,16
DA:28,11
DA:30,11
DA:33,11
DA:34,1
DA:35,0
DA:36,1
DA:37,1
DA:38,11
DA:40,1
DA:41,1
DA:42,11
DA:43,16
DA:48,1
DA:49,19
DA:50,14
DA:51,14
DA:53,19
DA:54,19
DA:57,19
DA:58,1
DA:59,1
DA:60,19
DA:65,1
DA:66,2
DA:67,2
DA:68,2
DA:69,2
DA:71,2
DA:72,2
DA:77,1
DA:78,5
DA:79,5
DA:80,1
DA:81,1
DA:83,4
DA:86,5
DA:87,3
DA:88,3
DA:89,5
DA:94,1
DA:95,2
DA:96,1
DA:97,1
DA:98,1
DA:99,1
DA:100,2
DA:105,1
DA:106,5
DA:107,5
DA:108,5
DA:109,1
LF:60
LH:59
BRDA:13,0,0,15
BRDA:18,1,0,16
BRDA:20,2,0,9
BRDA:20,3,0,7
BRDA:22,4,0,9
BRDA:27,5,0,11
BRDA:33,6,0,1
BRDA:33,7,0,1
BRDA:33,8,0,1
BRDA:38,9,0,1
BRDA:42,10,0,9
BRDA:48,11,0,19
BRDA:49,12,0,14
BRDA:57,13,0,1
BRDA:65,14,0,2
BRDA:66,15,0,2
BRDA:77,16,0,5
BRDA:79,17,0,1
BRDA:81,18,0,4
BRDA:86,19,0,3
BRDA:94,20,0,2
BRDA:95,21,0,1
BRDA:105,22,0,5
BRDA:107,23,0,2
BRDA:107,24,0,3
BRF:25
BRH:25
end_of_record
TN:
SF:src\core\logger\Logger.ts
FN:24,<instance_members_initializer>
FN:27,Logger
FN:35,debug
FN:42,info
FN:49,warn
FN:56,error
FN:63,child
FN:74,log
FN:101,shouldLog
FNF:9
FNH:9
FNDA:15,<instance_members_initializer>
FNDA:15,Logger
FNDA:5,debug
FNDA:12,info
FNDA:5,warn
FNDA:3,error
FNDA:3,child
FNDA:25,log
FNDA:25,shouldLog
DA:6,1
DA:7,1
DA:8,1
DA:9,1
DA:10,1
DA:11,1
DA:12,1
DA:23,1
DA:24,1
DA:25,15
DA:27,1
DA:28,15
DA:29,15
DA:30,15
DA:35,1
DA:36,5
DA:37,5
DA:42,1
DA:43,12
DA:44,12
DA:49,1
DA:50,5
DA:51,5
DA:56,1
DA:57,3
DA:58,3
DA:63,1
DA:64,3
DA:65,3
DA:66,3
DA:67,3
DA:68,3
DA:69,3
DA:74,1
DA:75,25
DA:76,11
DA:77,11
DA:79,25
DA:80,25
DA:82,25
DA:83,25
DA:84,1
DA:85,1
DA:86,25
DA:87,8
DA:88,8
DA:89,25
DA:90,3
DA:91,3
DA:92,25
DA:93,2
DA:94,2
DA:95,25
DA:96,25
DA:101,1
DA:102,25
DA:103,25
DA:104,1
LF:58
LH:58
BRDA:24,0,0,15
BRDA:27,1,0,15
BRDA:28,2,0,0
BRDA:29,3,0,10
BRDA:35,4,0,5
BRDA:42,5,0,12
BRDA:49,6,0,5
BRDA:56,7,0,3
BRDA:63,8,0,3
BRDA:64,9,0,1
BRDA:64,10,0,2
BRDA:74,11,0,25
BRDA:75,12,0,11
BRDA:77,13,0,14
BRDA:79,14,0,4
BRDA:79,15,0,10
BRDA:83,16,0,1
BRDA:86,17,0,8
BRDA:89,18,0,3
BRDA:92,19,0,2
BRDA:101,20,0,25
BRF:21
BRH:20
end_of_record
TN:
SF:src\core\pipeline\Pipeline.ts
FN:14,createPipelineContext
FN:45,PipelineContext
FN:55,setData
FN:59,getData
FN:76,<instance_members_initializer>
FN:79,Pipeline
FN:90,addStage
FN:97,removeStage
FN:104,getStage
FN:111,getStages
FN:120,execute
FN:159,executeStage
FN:171,runStage
FNF:13
FNH:9
FNDA:0,createPipelineContext
FNDA:0,PipelineContext
FNDA:0,setData
FNDA:0,getData
FNDA:20,<instance_members_initializer>
FNDA:20,Pipeline
FNDA:27,addStage
FNDA:2,removeStage
FNDA:3,getStage
FNDA:14,getStages
FNDA:11,execute
FNDA:2,executeStage
FNDA:17,runStage
DA:14,1
DA:15,0
DA:16,0
DA:17,0
DA:18,0
DA:19,0
DA:21,0
DA:22,0
DA:23,0
DA:24,0
DA:25,0
DA:26,0
DA:27,0
DA:28,0
DA:29,0
DA:30,0
DA:31,0
DA:32,0
DA:37,1
DA:38,1
DA:39,1
DA:40,1
DA:41,1
DA:42,1
DA:43,1
DA:45,1
DA:46,0
DA:47,0
DA:48,0
DA:49,0
DA:50,0
DA:51,0
DA:52,0
DA:53,0
DA:55,1
DA:56,0
DA:57,0
DA:59,1
DA:60,0
DA:61,0
DA:62,1
DA:75,1
DA:76,1
DA:77,20
DA:79,1
DA:80,20
DA:81,20
DA:82,20
DA:83,20
DA:84,20
DA:85,20
DA:90,1
DA:91,27
DA:92,27
DA:97,1
DA:98,2
DA:99,2
DA:104,1
DA:105,3
DA:106,3
DA:111,1
DA:112,14
DA:113,14
DA:114,14
DA:115,14
DA:120,1
DA:121,11
DA:122,11
DA:123,11
DA:124,11
DA:126,11
DA:128,11
DA:129,16
DA:130,16
DA:131,16
DA:133,16
DA:134,4
DA:136,4
DA:137,3
DA:138,3
DA:139,4
DA:141,16
DA:142,11
DA:143,11
DA:144,16
DA:146,11
DA:148,11
DA:149,11
DA:150,11
DA:151,11
DA:152,11
DA:153,11
DA:154,11
DA:159,1
DA:160,2
DA:161,2
DA:162,1
DA:163,1
DA:165,1
DA:166,2
DA:171,1
DA:172,17
DA:173,17
DA:174,17
DA:175,17
DA:176,17
DA:179,17
DA:180,17
DA:181,1
DA:182,1
DA:183,1
DA:184,1
DA:185,1
DA:186,1
DA:187,1
DA:188,1
DA:191,16
DA:192,16
DA:193,16
DA:194,16
DA:196,16
DA:197,16
DA:198,12
DA:201,12
DA:202,12
DA:203,12
DA:204,12
DA:205,12
DA:207,12
DA:208,12
DA:209,12
DA:210,12
DA:211,12
DA:212,12
DA:213,17
DA:214,4
DA:215,4
DA:218,4
DA:219,4
DA:220,4
DA:221,4
DA:224,4
DA:225,1
DA:226,1
DA:227,1
DA:228,0
DA:229,0
DA:230,1
DA:232,4
DA:233,4
DA:234,4
DA:235,4
DA:236,4
DA:237,4
DA:238,4
DA:239,17
DA:240,1
LF:157
LH:126
BRDA:76,0,0,20
BRDA:79,1,0,20
BRDA:81,2,0,19
BRDA:90,3,0,27
BRDA:97,4,0,2
BRDA:104,5,0,3
BRDA:111,6,0,14
BRDA:113,7,0,23
BRDA:114,8,0,10
BRDA:120,9,0,11
BRDA:128,10,0,16
BRDA:133,11,0,4
BRDA:133,12,0,4
BRDA:136,13,0,3
BRDA:139,14,0,13
BRDA:141,15,0,12
BRDA:141,16,0,11
BRDA:159,17,0,2
BRDA:161,18,0,1
BRDA:171,19,0,17
BRDA:180,20,0,1
BRDA:188,21,0,16
BRDA:197,22,0,12
BRDA:213,23,0,4
BRDA:215,24,0,0
BRDA:224,25,0,1
BRDA:227,26,0,0
BRF:27
BRH:25
end_of_record
TN:
SF:src\core\registry\ServiceRegistry.ts
FN:7,CircularDependencyError
FN:17,ServiceNotFoundError
FN:34,<instance_members_initializer>
FN:41,register
FN:55,has
FN:62,resolve
FN:73,getServiceNames
FN:80,getInitializationOrder
FN:90,visit
FN:138,initializeAll
FN:168,disposeAll
FNF:11
FNH:11
FNDA:2,CircularDependencyError
FNDA:1,ServiceNotFoundError
FNDA:20,<instance_members_initializer>
FNDA:33,register
FNDA:3,has
FNDA:2,resolve
FNDA:2,getServiceNames
FNDA:12,getInitializationOrder
FNDA:35,visit
FNDA:6,initializeAll
FNDA:2,disposeAll
DA:6,1
DA:7,1
DA:8,2
DA:9,2
DA:10,2
DA:11,1
DA:16,1
DA:17,1
DA:18,1
DA:19,1
DA:20,1
DA:21,1
DA:33,1
DA:34,1
DA:35,20
DA:36,20
DA:41,1
DA:42,33
DA:43,1
DA:44,1
DA:46,32
DA:49,32
DA:50,33
DA:55,1
DA:56,3
DA:57,3
DA:62,1
DA:63,2
DA:64,2
DA:65,1
DA:66,1
DA:67,1
DA:68,2
DA:73,1
DA:74,2
DA:75,2
DA:80,1
DA:82,12
DA:83,0
DA:84,0
DA:86,12
DA:87,12
DA:88,12
DA:90,12
DA:91,35
DA:92,8
DA:93,8
DA:95,35
DA:97,2
DA:98,2
DA:99,2
DA:100,2
DA:102,25
DA:103,35
DA:104,0
DA:105,0
DA:106,0
DA:108,25
DA:111,35
DA:112,14
DA:113,1
DA:114,1
DA:115,1
DA:116,13
DA:117,13
DA:119,20
DA:120,20
DA:121,20
DA:122,35
DA:125,12
DA:126,22
DA:127,22
DA:130,10
DA:132,10
DA:133,12
DA:138,1
DA:139,6
DA:142,6
DA:143,6
DA:144,6
DA:145,6
DA:147,6
DA:148,9
DA:149,9
DA:151,9
DA:153,8
DA:156,8
DA:157,8
DA:158,8
DA:159,8
DA:160,8
DA:162,5
DA:163,6
DA:168,1
DA:169,2
DA:170,0
DA:171,0
DA:174,2
DA:176,2
DA:177,4
DA:178,4
DA:180,4
DA:181,4
DA:182,4
DA:183,1
DA:185,1
DA:186,4
DA:188,2
DA:189,2
DA:190,1
LF:110
LH:103
BRDA:7,0,0,2
BRDA:17,1,0,1
BRDA:34,2,0,20
BRDA:41,3,0,33
BRDA:42,4,0,1
BRDA:44,5,0,32
BRDA:55,6,0,3
BRDA:62,7,0,2
BRDA:64,8,0,1
BRDA:73,9,0,2
BRDA:80,10,0,12
BRDA:82,11,0,0
BRDA:125,12,0,22
BRDA:127,13,0,10
BRDA:90,14,0,35
BRDA:91,15,0,8
BRDA:93,16,0,27
BRDA:95,17,0,2
BRDA:100,18,0,25
BRDA:103,19,0,0
BRDA:106,20,0,25
BRDA:111,21,0,14
BRDA:112,22,0,1
BRDA:115,23,0,13
BRDA:117,24,0,20
BRDA:138,25,0,6
BRDA:147,26,0,9
BRDA:151,27,0,8
BRDA:160,28,0,5
BRDA:168,29,0,2
BRDA:169,30,0,0
BRDA:176,31,0,4
BRDA:178,32,0,0
BRDA:181,33,0,3
BRDA:182,34,0,1
BRF:35
BRH:31
end_of_record
