TN:
SF:src\core\events\EventBus.ts
FN:13,<instance_members_initializer>
FN:18,emit
FN:48,on
FN:65,once
FN:66,wrappedHandler
FN:77,off
FN:94,removeAllListeners
FN:105,listenerCount
FNF:8
FNH:8
FNDA:35,<instance_members_initializer>
FNDA:59,emit
FNDA:23,on
FNDA:2,once
FNDA:2,wrappedHandler
FNDA:6,off
FNDA:2,removeAllListeners
FNDA:5,listenerCount
DA:12,1
DA:13,1
DA:18,1
DA:19,59
DA:20,59
DA:21,48
DA:22,48
DA:25,11
DA:27,18
DA:28,13
DA:30,13
DA:33,13
DA:34,1
DA:35,0
DA:36,1
DA:37,1
DA:38,13
DA:40,1
DA:41,1
DA:42,13
DA:43,59
DA:48,1
DA:49,23
DA:50,18
DA:51,18
DA:53,23
DA:54,23
DA:57,23
DA:58,2
DA:59,2
DA:60,23
DA:65,1
DA:66,2
DA:67,2
DA:68,2
DA:69,2
DA:71,2
DA:72,2
DA:77,1
DA:78,6
DA:79,6
DA:80,1
DA:81,1
DA:83,5
DA:86,6
DA:87,4
DA:88,4
DA:89,6
DA:94,1
DA:95,2
DA:96,1
DA:97,1
DA:98,1
DA:99,1
DA:100,2
DA:105,1
DA:106,5
DA:107,5
DA:108,5
DA:109,1
LF:60
LH:59
BRDA:13,0,0,35
BRDA:18,1,0,59
BRDA:20,2,0,11
BRDA:20,3,0,48
BRDA:22,4,0,18
BRDA:22,5,0,11
BRDA:27,6,0,13
BRDA:33,7,0,1
BRDA:33,8,0,1
BRDA:33,9,0,1
BRDA:38,10,0,1
BRDA:42,11,0,11
BRDA:48,12,0,23
BRDA:49,13,0,18
BRDA:57,14,0,2
BRDA:65,15,0,2
BRDA:66,16,0,2
BRDA:77,17,0,6
BRDA:79,18,0,1
BRDA:81,19,0,5
BRDA:86,20,0,4
BRDA:94,21,0,2
BRDA:95,22,0,1
BRDA:105,23,0,5
BRDA:107,24,0,2
BRDA:107,25,0,3
BRF:26
BRH:26
end_of_record
TN:
SF:src\core\logger\Logger.ts
FN:24,<instance_members_initializer>
FN:27,Logger
FN:35,debug
FN:42,info
FN:49,warn
FN:56,error
FN:63,child
FN:74,log
FN:101,shouldLog
FNF:9
FNH:9
FNDA:34,<instance_members_initializer>
FNDA:34,Logger
FNDA:64,debug
FNDA:29,info
FNDA:6,warn
FNDA:3,error
FNDA:3,child
FNDA:102,log
FNDA:102,shouldLog
DA:6,1
DA:7,1
DA:8,1
DA:9,1
DA:10,1
DA:11,1
DA:12,1
DA:23,1
DA:24,1
DA:25,34
DA:27,1
DA:28,34
DA:29,34
DA:30,34
DA:35,1
DA:36,64
DA:37,64
DA:42,1
DA:43,29
DA:44,29
DA:49,1
DA:50,6
DA:51,6
DA:56,1
DA:57,3
DA:58,3
DA:63,1
DA:64,3
DA:65,3
DA:66,3
DA:67,3
DA:68,3
DA:69,3
DA:74,1
DA:75,102
DA:76,70
DA:77,70
DA:79,102
DA:80,102
DA:82,102
DA:83,102
DA:84,1
DA:85,1
DA:86,102
DA:87,25
DA:88,25
DA:89,102
DA:90,4
DA:91,4
DA:92,102
DA:93,2
DA:94,2
DA:95,102
DA:96,102
DA:101,1
DA:102,102
DA:103,102
DA:104,1
LF:58
LH:58
BRDA:24,0,0,34
BRDA:27,1,0,34
BRDA:28,2,0,0
BRDA:29,3,0,29
BRDA:35,4,0,64
BRDA:42,5,0,29
BRDA:49,6,0,6
BRDA:56,7,0,3
BRDA:63,8,0,3
BRDA:64,9,0,1
BRDA:64,10,0,2
BRDA:74,11,0,102
BRDA:75,12,0,70
BRDA:77,13,0,32
BRDA:79,14,0,4
BRDA:79,15,0,28
BRDA:83,16,0,1
BRDA:86,17,0,25
BRDA:89,18,0,4
BRDA:92,19,0,2
BRDA:101,20,0,102
BRF:21
BRH:20
end_of_record
TN:
SF:src\core\orchestrator\Orchestrator.ts
FN:39,<instance_members_initializer>
FN:46,Orchestrator
FN:66,use
FN:93,registerService
FN:106,hasService
FN:113,getService
FN:124,addStage
FN:132,hasStage
FN:143,on
FN:150,getEventBus
FN:161,generate
FN:264,initializeServices
FN:279,disposeServices
FNF:13
FNH:12
FNDA:20,<instance_members_initializer>
FNDA:20,Orchestrator
FNDA:6,use
FNDA:5,registerService
FNDA:2,hasService
FNDA:1,getService
FNDA:10,addStage
FNDA:1,hasStage
FNDA:4,on
FNDA:0,getEventBus
FNDA:9,generate
FNDA:9,initializeServices
FNDA:9,disposeServices
DA:15,1
DA:16,1
DA:17,1
DA:18,1
DA:38,1
DA:39,1
DA:40,20
DA:41,20
DA:42,20
DA:43,20
DA:44,20
DA:46,1
DA:47,20
DA:48,20
DA:49,20
DA:50,20
DA:51,20
DA:53,20
DA:54,20
DA:55,20
DA:56,20
DA:57,20
DA:66,1
DA:67,6
DA:69,6
DA:72,6
DA:73,6
DA:74,1
DA:75,1
DA:78,6
DA:79,6
DA:80,0
DA:81,0
DA:83,6
DA:84,6
DA:93,1
DA:94,5
DA:95,5
DA:97,5
DA:98,5
DA:99,5
DA:100,5
DA:101,5
DA:106,1
DA:107,2
DA:108,2
DA:113,1
DA:114,1
DA:115,1
DA:124,1
DA:125,10
DA:126,10
DA:127,10
DA:132,1
DA:133,1
DA:134,1
DA:143,1
DA:144,4
DA:145,4
DA:150,1
DA:151,0
DA:152,0
DA:161,1
DA:162,9
DA:164,9
DA:167,9
DA:168,9
DA:169,9
DA:170,9
DA:172,9
DA:174,9
DA:175,9
DA:176,2
DA:177,1
DA:178,1
DA:179,1
DA:180,2
DA:183,9
DA:186,9
DA:187,9
DA:188,9
DA:189,9
DA:190,9
DA:191,9
DA:194,9
DA:197,9
DA:200,9
DA:201,9
DA:202,9
DA:203,9
DA:205,9
DA:206,2
DA:207,1
DA:208,1
DA:209,1
DA:210,2
DA:212,9
DA:213,9
DA:216,9
DA:217,9
DA:218,9
DA:219,9
DA:221,9
DA:222,8
DA:223,9
DA:224,1
DA:225,1
DA:227,9
DA:229,9
DA:230,0
DA:231,0
DA:233,0
DA:236,0
DA:237,0
DA:238,0
DA:241,0
DA:242,0
DA:243,0
DA:244,0
DA:245,0
DA:247,0
DA:248,0
DA:249,0
DA:250,0
DA:251,0
DA:252,0
DA:253,0
DA:254,0
DA:255,9
DA:264,1
DA:265,9
DA:267,9
DA:268,9
DA:269,9
DA:270,9
DA:271,9
DA:273,9
DA:274,9
DA:279,1
DA:280,9
DA:282,9
DA:284,9
DA:285,9
DA:286,1
LF:144
LH:121
BRDA:39,0,0,20
BRDA:46,1,0,20
BRDA:48,2,0,19
BRDA:66,3,0,6
BRDA:72,4,0,1
BRDA:72,5,0,5
BRDA:73,6,0,1
BRDA:78,7,0,0
BRDA:79,8,0,0
BRDA:93,9,0,5
BRDA:106,10,0,2
BRDA:113,11,0,1
BRDA:124,12,0,10
BRDA:132,13,0,1
BRDA:143,14,0,4
BRDA:161,15,0,9
BRDA:175,16,0,2
BRDA:176,17,0,1
BRDA:205,18,0,2
BRDA:206,19,0,1
BRDA:221,20,0,8
BRDA:223,21,0,1
BRDA:229,22,0,0
BRDA:264,23,0,9
BRDA:279,24,0,9
BRF:25
BRH:22
end_of_record
TN:
SF:src\core\pipeline\Pipeline.ts
FN:14,createPipelineContext
FN:29,setData
FN:30,getData
FN:45,PipelineContext
FN:55,setData
FN:59,getData
FN:76,<instance_members_initializer>
FN:79,Pipeline
FN:90,addStage
FN:97,removeStage
FN:104,getStage
FN:111,getStages
FN:120,execute
FN:159,executeStage
FN:171,runStage
FNF:15
FNH:10
FNDA:9,createPipelineContext
FNDA:0,setData
FNDA:0,getData
FNDA:0,PipelineContext
FNDA:0,setData
FNDA:0,getData
FNDA:40,<instance_members_initializer>
FNDA:40,Pipeline
FNDA:37,addStage
FNDA:2,removeStage
FNDA:4,getStage
FNDA:23,getStages
FNDA:20,execute
FNDA:2,executeStage
FNDA:26,runStage
DA:14,1
DA:15,9
DA:16,9
DA:17,9
DA:18,9
DA:19,9
DA:21,9
DA:22,9
DA:23,9
DA:24,9
DA:25,9
DA:26,9
DA:27,9
DA:28,9
DA:29,9
DA:30,9
DA:31,9
DA:32,9
DA:37,1
DA:38,1
DA:39,1
DA:40,1
DA:41,1
DA:42,1
DA:43,1
DA:45,1
DA:46,0
DA:47,0
DA:48,0
DA:49,0
DA:50,0
DA:51,0
DA:52,0
DA:53,0
DA:55,1
DA:56,0
DA:57,0
DA:59,1
DA:60,0
DA:61,0
DA:62,1
DA:75,1
DA:76,1
DA:77,40
DA:79,1
DA:80,40
DA:81,40
DA:82,40
DA:83,40
DA:84,40
DA:85,40
DA:90,1
DA:91,37
DA:92,37
DA:97,1
DA:98,2
DA:99,2
DA:104,1
DA:105,4
DA:106,4
DA:111,1
DA:112,23
DA:113,23
DA:114,23
DA:115,23
DA:120,1
DA:121,20
DA:122,20
DA:123,20
DA:124,20
DA:126,20
DA:128,20
DA:129,25
DA:130,25
DA:131,25
DA:133,25
DA:134,5
DA:136,5
DA:137,4
DA:138,4
DA:139,5
DA:141,25
DA:142,19
DA:143,19
DA:144,25
DA:146,20
DA:148,20
DA:149,20
DA:150,20
DA:151,20
DA:152,20
DA:153,20
DA:154,20
DA:159,1
DA:160,2
DA:161,2
DA:162,1
DA:163,1
DA:165,1
DA:166,2
DA:171,1
DA:172,26
DA:173,26
DA:174,26
DA:175,26
DA:176,26
DA:179,26
DA:180,26
DA:181,1
DA:182,1
DA:183,1
DA:184,1
DA:185,1
DA:186,1
DA:187,1
DA:188,1
DA:191,25
DA:192,25
DA:193,25
DA:194,25
DA:196,25
DA:197,25
DA:198,20
DA:201,20
DA:202,20
DA:203,20
DA:204,20
DA:205,20
DA:207,20
DA:208,20
DA:209,20
DA:210,20
DA:211,20
DA:212,20
DA:213,26
DA:214,5
DA:215,5
DA:218,5
DA:219,5
DA:220,5
DA:221,5
DA:224,5
DA:225,1
DA:226,1
DA:227,1
DA:228,0
DA:229,0
DA:230,1
DA:232,5
DA:233,5
DA:234,5
DA:235,5
DA:236,5
DA:237,5
DA:238,5
DA:239,26
DA:240,1
LF:157
LH:143
BRDA:14,0,0,9
BRDA:76,1,0,40
BRDA:79,2,0,40
BRDA:81,3,0,19
BRDA:90,4,0,37
BRDA:97,5,0,2
BRDA:104,6,0,4
BRDA:111,7,0,23
BRDA:113,8,0,32
BRDA:114,9,0,10
BRDA:120,10,0,20
BRDA:128,11,0,25
BRDA:133,12,0,5
BRDA:133,13,0,5
BRDA:136,14,0,4
BRDA:139,15,0,24
BRDA:139,16,0,21
BRDA:141,17,0,20
BRDA:141,18,0,19
BRDA:159,19,0,2
BRDA:161,20,0,1
BRDA:171,21,0,26
BRDA:180,22,0,1
BRDA:188,23,0,25
BRDA:197,24,0,20
BRDA:213,25,0,5
BRDA:215,26,0,0
BRDA:224,27,0,1
BRDA:227,28,0,0
BRF:29
BRH:27
end_of_record
TN:
SF:src\core\registry\ServiceRegistry.ts
FN:7,CircularDependencyError
FN:17,ServiceNotFoundError
FN:34,<instance_members_initializer>
FN:41,register
FN:55,has
FN:62,resolve
FN:73,getServiceNames
FN:80,getInitializationOrder
FN:90,visit
FN:138,initializeAll
FN:168,disposeAll
FNF:11
FNH:11
FNDA:2,CircularDependencyError
FNDA:1,ServiceNotFoundError
FNDA:40,<instance_members_initializer>
FNDA:38,register
FNDA:5,has
FNDA:3,resolve
FNDA:2,getServiceNames
FNDA:21,getInitializationOrder
FNDA:37,visit
FNDA:15,initializeAll
FNDA:11,disposeAll
DA:6,1
DA:7,1
DA:8,2
DA:9,2
DA:10,2
DA:11,1
DA:16,1
DA:17,1
DA:18,1
DA:19,1
DA:20,1
DA:21,1
DA:33,1
DA:34,1
DA:35,40
DA:36,40
DA:41,1
DA:42,38
DA:43,1
DA:44,1
DA:46,37
DA:49,37
DA:50,38
DA:55,1
DA:56,5
DA:57,5
DA:62,1
DA:63,3
DA:64,3
DA:65,1
DA:66,1
DA:67,2
DA:68,3
DA:73,1
DA:74,2
DA:75,2
DA:80,1
DA:82,21
DA:83,0
DA:84,0
DA:86,21
DA:87,21
DA:88,21
DA:90,21
DA:91,37
DA:92,8
DA:93,8
DA:95,37
DA:97,2
DA:98,2
DA:99,2
DA:100,2
DA:102,27
DA:103,37
DA:104,0
DA:105,0
DA:106,0
DA:108,27
DA:111,37
DA:112,14
DA:113,1
DA:114,1
DA:115,1
DA:116,13
DA:117,13
DA:119,22
DA:120,22
DA:121,22
DA:122,37
DA:125,21
DA:126,24
DA:127,24
DA:130,19
DA:132,19
DA:133,21
DA:138,1
DA:139,15
DA:142,15
DA:143,15
DA:144,15
DA:145,15
DA:147,15
DA:148,11
DA:149,11
DA:151,11
DA:153,10
DA:156,10
DA:157,10
DA:158,10
DA:159,10
DA:160,10
DA:162,14
DA:163,15
DA:168,1
DA:169,11
DA:170,0
DA:171,0
DA:174,11
DA:176,11
DA:177,6
DA:178,6
DA:180,6
DA:181,6
DA:182,6
DA:183,1
DA:185,1
DA:186,6
DA:188,11
DA:189,11
DA:190,1
LF:110
LH:103
BRDA:7,0,0,2
BRDA:17,1,0,1
BRDA:34,2,0,40
BRDA:41,3,0,38
BRDA:42,4,0,1
BRDA:44,5,0,37
BRDA:55,6,0,5
BRDA:62,7,0,3
BRDA:64,8,0,2
BRDA:64,9,0,1
BRDA:73,10,0,2
BRDA:80,11,0,21
BRDA:82,12,0,0
BRDA:125,13,0,24
BRDA:127,14,0,19
BRDA:90,15,0,37
BRDA:91,16,0,8
BRDA:93,17,0,29
BRDA:95,18,0,2
BRDA:100,19,0,27
BRDA:103,20,0,0
BRDA:106,21,0,27
BRDA:111,22,0,14
BRDA:112,23,0,1
BRDA:115,24,0,13
BRDA:117,25,0,22
BRDA:138,26,0,15
BRDA:147,27,0,11
BRDA:151,28,0,10
BRDA:160,29,0,14
BRDA:168,30,0,11
BRDA:169,31,0,0
BRDA:176,32,0,6
BRDA:178,33,0,0
BRDA:181,34,0,5
BRDA:182,35,0,1
BRF:36
BRH:32
end_of_record
TN:
SF:src\plugins\PluginManager.ts
FN:39,<instance_members_initializer>
FN:45,register
FN:56,unregister
FN:63,has
FN:70,getAll
FN:77,initialize
FN:88,beforeGenerate
FN:103,afterGenerate
FN:118,onError
FN:136,dispose
FN:151,createPlugin
FN:164,setup
FN:176,teardown
FNF:13
FNH:13
FNDA:13,<instance_members_initializer>
FNDA:13,register
FNDA:2,unregister
FNDA:3,has
FNDA:2,getAll
FNDA:6,initialize
FNDA:2,beforeGenerate
FNDA:1,afterGenerate
FNDA:2,onError
FNDA:2,dispose
FNDA:15,createPlugin
FNDA:7,setup
FNDA:1,teardown
DA:38,1
DA:39,1
DA:40,13
DA:45,1
DA:46,13
DA:47,1
DA:48,1
DA:50,12
DA:51,13
DA:56,1
DA:57,2
DA:58,2
DA:63,1
DA:64,3
DA:65,3
DA:70,1
DA:71,2
DA:72,2
DA:77,1
DA:78,6
DA:80,6
DA:81,6
DA:82,6
DA:83,6
DA:88,1
DA:89,2
DA:90,1
DA:91,1
DA:93,1
DA:94,1
DA:95,1
DA:96,1
DA:97,1
DA:98,2
DA:103,1
DA:104,1
DA:105,0
DA:106,0
DA:108,1
DA:109,1
DA:110,1
DA:111,1
DA:112,1
DA:113,1
DA:118,1
DA:119,2
DA:121,2
DA:122,2
DA:123,2
DA:124,2
DA:125,1
DA:127,1
DA:128,1
DA:129,2
DA:130,2
DA:131,2
DA:136,1
DA:137,2
DA:138,2
DA:139,2
DA:140,2
DA:141,2
DA:143,2
DA:144,2
DA:145,2
DA:146,1
DA:151,1
DA:157,15
DA:158,15
DA:160,15
DA:161,15
DA:162,15
DA:164,15
DA:166,7
DA:167,1
DA:168,1
DA:171,7
DA:172,1
DA:173,1
DA:174,7
DA:176,15
DA:178,1
DA:180,15
DA:181,15
DA:182,15
LF:85
LH:83
BRDA:39,0,0,13
BRDA:45,1,0,13
BRDA:46,2,0,1
BRDA:48,3,0,12
BRDA:56,4,0,2
BRDA:63,5,0,3
BRDA:70,6,0,2
BRDA:77,7,0,6
BRDA:88,8,0,2
BRDA:89,9,0,1
BRDA:103,10,0,1
BRDA:104,11,0,0
BRDA:118,12,0,2
BRDA:119,13,0,0
BRDA:124,14,0,1
BRDA:136,15,0,2
BRDA:151,16,0,15
BRDA:164,17,0,7
BRDA:166,18,0,1
BRDA:171,19,0,1
BRDA:176,20,0,1
BRF:21
BRH:19
end_of_record
TN:
SF:src\services\asset\AssetService.ts
FN:61,<instance_members_initializer>
FN:68,AssetService
FN:72,initialize
FN:76,execute
FN:186,dispose
FN:193,getCssFilesToCopy
FN:216,copyDirectory
FN:268,getAssetType
FN:282,formatSize
FN:291,createDefaultFileSystem
FN:293,copyFile
FN:297,mkdir
FN:301,readdir
FN:309,stat
FN:313,exists
FNF:15
FNH:8
FNDA:13,<instance_members_initializer>
FNDA:13,AssetService
FNDA:10,initialize
FNDA:7,execute
FNDA:1,dispose
FNDA:7,getCssFilesToCopy
FNDA:0,copyDirectory
FNDA:0,getAssetType
FNDA:7,formatSize
FNDA:1,createDefaultFileSystem
FNDA:0,copyFile
FNDA:0,mkdir
FNDA:0,readdir
FNDA:0,stat
FNDA:0,exists
DA:2,1
DA:60,1
DA:61,1
DA:62,13
DA:63,13
DA:65,13
DA:66,13
DA:68,1
DA:69,13
DA:70,13
DA:72,1
DA:73,10
DA:74,10
DA:76,1
DA:77,7
DA:78,7
DA:79,7
DA:80,7
DA:81,7
DA:82,7
DA:83,7
DA:85,7
DA:86,7
DA:89,7
DA:90,7
DA:92,7
DA:93,7
DA:94,1
DA:95,1
DA:98,7
DA:99,7
DA:101,7
DA:102,21
DA:103,21
DA:105,21
DA:106,21
DA:108,21
DA:110,21
DA:111,21
DA:112,21
DA:113,21
DA:114,21
DA:115,21
DA:117,21
DA:119,21
DA:120,21
DA:121,21
DA:122,21
DA:123,21
DA:125,21
DA:126,21
DA:127,7
DA:128,0
DA:129,0
DA:132,7
DA:133,1
DA:134,1
DA:135,1
DA:136,1
DA:138,1
DA:139,1
DA:141,1
DA:142,1
DA:144,1
DA:146,1
DA:148,1
DA:149,1
DA:150,1
DA:151,1
DA:152,1
DA:153,1
DA:155,1
DA:157,1
DA:158,1
DA:159,1
DA:160,1
DA:161,1
DA:163,1
DA:164,1
DA:165,1
DA:166,1
DA:167,0
DA:168,0
DA:169,1
DA:172,7
DA:173,0
DA:174,0
DA:176,0
DA:177,0
DA:178,0
DA:179,0
DA:181,7
DA:183,7
DA:184,7
DA:186,1
DA:188,1
DA:193,1
DA:194,7
DA:196,7
DA:197,28
DA:200,28
DA:201,14
DA:202,14
DA:205,28
DA:206,12
DA:207,28
DA:208,2
DA:209,2
DA:210,7
DA:211,7
DA:216,1
DA:217,0
DA:218,0
DA:219,0
DA:220,0
DA:222,0
DA:223,0
DA:225,0
DA:226,0
DA:227,0
DA:229,0
DA:230,0
DA:232,0
DA:233,0
DA:234,0
DA:235,0
DA:237,0
DA:238,0
DA:240,0
DA:241,0
DA:242,0
DA:243,0
DA:244,0
DA:245,0
DA:247,0
DA:248,0
DA:249,0
DA:250,0
DA:251,0
DA:253,0
DA:254,0
DA:255,0
DA:256,0
DA:257,0
DA:258,0
DA:259,0
DA:260,0
DA:262,0
DA:263,0
DA:268,1
DA:269,0
DA:271,0
DA:272,0
DA:273,0
DA:274,0
DA:276,0
DA:277,0
DA:282,1
DA:283,7
DA:284,0
DA:285,0
DA:286,7
DA:291,1
DA:292,1
DA:293,1
DA:294,0
DA:295,0
DA:296,0
DA:297,1
DA:298,0
DA:299,0
DA:300,0
DA:301,1
DA:302,0
DA:303,0
DA:304,0
DA:305,0
DA:306,0
DA:307,0
DA:308,0
DA:309,1
DA:310,0
DA:311,0
DA:312,0
DA:313,1
DA:314,0
DA:315,0
DA:316,0
DA:317,0
DA:318,0
DA:319,0
DA:320,0
DA:321,0
DA:322,1
DA:323,1
DA:324,1
LF:196
LH:115
BRDA:61,0,0,13
BRDA:68,1,0,13
BRDA:69,2,0,1
BRDA:72,3,0,10
BRDA:76,4,0,7
BRDA:93,5,0,1
BRDA:101,6,0,21
BRDA:127,7,0,0
BRDA:132,8,0,1
BRDA:139,9,0,0
BRDA:139,10,0,0
BRDA:166,11,0,0
BRDA:172,12,0,0
BRDA:186,13,0,1
BRDA:193,14,0,7
BRDA:196,15,0,28
BRDA:197,16,0,0
BRDA:200,17,0,21
BRDA:200,18,0,14
BRDA:205,19,0,12
BRDA:207,20,0,2
BRDA:282,21,0,7
BRDA:283,22,0,0
BRDA:291,23,0,1
BRF:24
BRH:17
end_of_record
TN:
SF:src\services\css\CssService.ts
FN:73,<instance_members_initializer>
FN:81,CssService
FN:86,initialize
FN:90,execute
FN:212,dispose
FN:219,routeToViewFileName
FN:229,mergeCssFiles
FN:246,createDefaultFileSystem
FN:248,readFile
FN:252,writeFile
FN:256,mkdir
FN:260,readdir
FN:274,createDefaultConverter
FN:276,convertHtmlToCss
FNF:14
FNH:9
FNDA:14,<instance_members_initializer>
FNDA:14,CssService
FNDA:11,initialize
FNDA:7,execute
FNDA:1,dispose
FNDA:8,routeToViewFileName
FNDA:13,mergeCssFiles
FNDA:1,createDefaultFileSystem
FNDA:0,readFile
FNDA:0,writeFile
FNDA:0,mkdir
FNDA:0,readdir
FNDA:1,createDefaultConverter
FNDA:0,convertHtmlToCss
DA:2,1
DA:72,1
DA:73,1
DA:74,14
DA:75,14
DA:77,14
DA:78,14
DA:79,14
DA:81,1
DA:82,14
DA:83,14
DA:84,14
DA:86,1
DA:87,11
DA:88,11
DA:90,1
DA:91,7
DA:94,7
DA:96,7
DA:97,7
DA:98,7
DA:101,7
DA:102,8
DA:103,8
DA:105,8
DA:106,8
DA:107,8
DA:108,8
DA:109,8
DA:110,8
DA:111,8
DA:112,8
DA:113,8
DA:114,8
DA:115,8
DA:117,8
DA:118,8
DA:119,7
DA:120,7
DA:122,8
DA:123,8
DA:124,0
DA:125,0
DA:126,8
DA:129,7
DA:130,7
DA:131,7
DA:132,7
DA:134,7
DA:135,14
DA:136,14
DA:138,14
DA:139,2
DA:140,2
DA:142,2
DA:144,2
DA:145,2
DA:146,2
DA:147,2
DA:148,2
DA:149,2
DA:150,2
DA:151,2
DA:152,2
DA:153,2
DA:154,2
DA:156,2
DA:157,2
DA:158,2
DA:159,2
DA:161,2
DA:162,2
DA:163,0
DA:164,0
DA:165,2
DA:166,14
DA:168,0
DA:169,14
DA:172,7
DA:173,7
DA:174,7
DA:176,7
DA:177,7
DA:178,7
DA:179,7
DA:180,7
DA:182,7
DA:183,7
DA:184,7
DA:185,7
DA:187,7
DA:190,7
DA:191,6
DA:192,6
DA:193,6
DA:195,6
DA:196,6
DA:197,6
DA:198,6
DA:199,6
DA:201,6
DA:202,6
DA:203,6
DA:204,6
DA:206,6
DA:207,6
DA:209,7
DA:210,7
DA:212,1
DA:214,1
DA:219,1
DA:220,8
DA:221,7
DA:222,7
DA:223,1
DA:224,8
DA:229,1
DA:230,13
DA:231,13
DA:234,4
DA:237,4
DA:238,4
DA:239,4
DA:240,4
DA:241,13
DA:246,1
DA:247,1
DA:248,1
DA:249,0
DA:250,0
DA:251,0
DA:252,1
DA:253,0
DA:254,0
DA:255,0
DA:256,1
DA:257,0
DA:258,0
DA:259,0
DA:260,1
DA:261,0
DA:262,0
DA:263,0
DA:264,0
DA:265,0
DA:266,0
DA:267,0
DA:268,1
DA:269,1
DA:274,1
DA:275,1
DA:276,1
DA:277,0
DA:278,0
DA:279,0
DA:280,1
DA:281,1
DA:282,1
LF:158
LH:134
BRDA:73,0,0,14
BRDA:81,1,0,14
BRDA:82,2,0,1
BRDA:83,3,0,1
BRDA:86,4,0,11
BRDA:90,5,0,7
BRDA:101,6,0,8
BRDA:112,7,0,0
BRDA:113,8,0,0
BRDA:118,9,0,7
BRDA:123,10,0,0
BRDA:134,11,0,14
BRDA:138,12,0,2
BRDA:139,13,0,0
BRDA:140,14,0,0
BRDA:151,15,0,0
BRDA:152,16,0,0
BRDA:162,17,0,0
BRDA:166,18,0,0
BRDA:190,19,0,6
BRDA:212,20,0,1
BRDA:219,21,0,8
BRDA:220,22,0,7
BRDA:222,23,0,1
BRDA:229,24,0,13
BRDA:230,25,0,0
BRDA:231,26,0,9
BRDA:231,27,0,4
BRDA:246,28,0,1
BRDA:274,29,0,1
BRF:30
BRH:20
end_of_record
TN:
SF:src\services\html\HtmlService.ts
FN:66,<instance_members_initializer>
FN:74,HtmlService
FN:81,initialize
FN:90,execute
FN:173,dispose
FN:180,routeToViewFileName
FN:190,routeToHtmlFileName
FN:200,buildMetaTags
FN:227,processHtmlContent
FN:255,removeClassAttributes
FN:262,removeDataClassAttributes
FN:269,convertDataClassToClass
FN:276,injectInlineStyles
FN:283,minifyCss
FN:297,createDefaultFileSystem
FN:299,readFile
FN:303,writeFile
FN:307,mkdir
FN:317,createDefaultLiquidEngine
FNF:19
FNH:13
FNDA:14,<instance_members_initializer>
FNDA:14,HtmlService
FNDA:11,initialize
FNDA:8,execute
FNDA:1,dispose
FNDA:10,routeToViewFileName
FNDA:10,routeToHtmlFileName
FNDA:10,buildMetaTags
FNDA:10,processHtmlContent
FNDA:1,removeClassAttributes
FNDA:1,removeDataClassAttributes
FNDA:1,convertDataClassToClass
FNDA:0,injectInlineStyles
FNDA:0,minifyCss
FNDA:1,createDefaultFileSystem
FNDA:0,readFile
FNDA:0,writeFile
FNDA:0,mkdir
FNDA:0,createDefaultLiquidEngine
DA:2,1
DA:65,1
DA:66,1
DA:67,14
DA:68,14
DA:70,14
DA:71,14
DA:72,14
DA:74,1
DA:75,14
DA:76,14
DA:77,13
DA:78,13
DA:79,14
DA:81,1
DA:82,11
DA:85,11
DA:86,0
DA:87,0
DA:88,11
DA:90,1
DA:91,8
DA:92,8
DA:93,8
DA:94,8
DA:95,8
DA:96,8
DA:97,8
DA:98,8
DA:99,8
DA:102,8
DA:105,8
DA:106,8
DA:107,0
DA:108,0
DA:109,0
DA:110,0
DA:111,0
DA:112,0
DA:113,0
DA:114,0
DA:116,8
DA:118,8
DA:119,10
DA:121,10
DA:122,10
DA:123,10
DA:126,10
DA:127,10
DA:128,10
DA:129,10
DA:130,10
DA:131,10
DA:132,10
DA:133,10
DA:136,10
DA:139,10
DA:142,10
DA:143,10
DA:146,10
DA:149,10
DA:151,10
DA:152,10
DA:153,10
DA:154,10
DA:155,10
DA:157,10
DA:158,10
DA:159,10
DA:160,10
DA:161,10
DA:163,10
DA:164,10
DA:165,0
DA:166,0
DA:167,0
DA:168,10
DA:170,8
DA:171,8
DA:173,1
DA:174,1
DA:175,1
DA:180,1
DA:181,10
DA:182,8
DA:183,8
DA:184,2
DA:185,10
DA:190,1
DA:191,10
DA:192,8
DA:193,8
DA:194,2
DA:195,10
DA:200,1
DA:201,10
DA:202,10
DA:203,10
DA:204,10
DA:206,10
DA:207,1
DA:208,1
DA:209,1
DA:211,10
DA:212,1
DA:213,1
DA:215,10
DA:217,10
DA:218,0
DA:219,0
DA:221,10
DA:222,10
DA:227,1
DA:228,10
DA:229,10
DA:230,10
DA:231,10
DA:232,10
DA:233,10
DA:234,9
DA:235,1
DA:236,1
DA:237,8
DA:238,8
DA:240,10
DA:241,1
DA:242,1
DA:243,1
DA:245,10
DA:246,0
DA:247,0
DA:249,1
DA:250,10
DA:255,1
DA:256,1
DA:257,1
DA:262,1
DA:263,1
DA:264,1
DA:269,1
DA:270,1
DA:271,1
DA:276,1
DA:277,0
DA:278,0
DA:283,1
DA:284,0
DA:285,0
DA:286,0
DA:287,0
DA:288,0
DA:289,0
DA:290,0
DA:291,0
DA:292,0
DA:297,1
DA:298,1
DA:299,1
DA:300,0
DA:301,0
DA:302,0
DA:303,1
DA:304,0
DA:305,0
DA:306,0
DA:307,1
DA:308,0
DA:309,0
DA:310,0
DA:311,1
DA:312,1
DA:317,1
DA:318,0
DA:319,0
DA:322,0
DA:323,0
DA:324,0
DA:326,0
DA:327,0
DA:328,0
DA:329,0
DA:330,0
DA:331,0
DA:332,0
DA:333,1
LF:185
LH:136
BRDA:66,0,0,14
BRDA:74,1,0,14
BRDA:75,2,0,1
BRDA:76,3,0,13
BRDA:81,4,0,11
BRDA:85,5,0,0
BRDA:90,6,0,8
BRDA:106,7,0,0
BRDA:106,8,0,0
BRDA:118,9,0,10
BRDA:130,10,0,0
BRDA:164,11,0,0
BRDA:173,12,0,1
BRDA:180,13,0,10
BRDA:181,14,0,8
BRDA:183,15,0,2
BRDA:190,16,0,10
BRDA:191,17,0,8
BRDA:193,18,0,2
BRDA:200,19,0,10
BRDA:206,20,0,1
BRDA:206,21,0,1
BRDA:211,22,0,1
BRDA:211,23,0,1
BRDA:217,24,0,1
BRDA:217,25,0,0
BRDA:227,26,0,10
BRDA:233,27,0,9
BRDA:234,28,0,1
BRDA:236,29,0,8
BRDA:238,30,0,1
BRDA:240,31,0,0
BRDA:240,32,0,1
BRDA:245,33,0,0
BRDA:245,34,0,0
BRDA:247,35,0,1
BRDA:255,36,0,1
BRDA:262,37,0,1
BRDA:269,38,0,1
BRDA:297,39,0,1
BRF:40
BRH:31
end_of_record
TN:
SF:src\services\layout\LayoutService.ts
FN:96,<instance_members_initializer>
FN:104,LayoutService
FN:112,initialize
FN:116,execute
FN:169,dispose
FN:176,createDefaultFileSystem
FN:178,readFile
FN:182,writeFile
FN:186,exists
FN:195,mkdir
FNF:10
FNH:6
FNDA:11,<instance_members_initializer>
FNDA:11,LayoutService
FNDA:7,initialize
FNDA:4,execute
FNDA:1,dispose
FNDA:1,createDefaultFileSystem
FNDA:0,readFile
FNDA:0,writeFile
FNDA:0,exists
FNDA:0,mkdir
DA:2,1
DA:47,1
DA:77,1
DA:95,1
DA:96,1
DA:97,11
DA:98,11
DA:100,11
DA:101,11
DA:102,11
DA:104,1
DA:105,11
DA:106,11
DA:107,11
DA:108,11
DA:109,11
DA:110,11
DA:112,1
DA:113,7
DA:114,7
DA:116,1
DA:117,4
DA:118,4
DA:120,4
DA:121,4
DA:124,4
DA:127,4
DA:128,4
DA:129,4
DA:130,4
DA:133,4
DA:134,4
DA:135,8
DA:136,8
DA:137,8
DA:138,8
DA:139,8
DA:140,8
DA:142,0
DA:143,8
DA:144,4
DA:147,4
DA:148,8
DA:150,8
DA:151,8
DA:152,8
DA:153,0
DA:154,0
DA:155,0
DA:156,8
DA:158,0
DA:160,8
DA:161,8
DA:163,8
DA:164,8
DA:166,4
DA:167,4
DA:169,1
DA:171,1
DA:176,1
DA:177,1
DA:178,1
DA:179,0
DA:180,0
DA:181,0
DA:182,1
DA:183,0
DA:184,0
DA:185,0
DA:186,1
DA:187,0
DA:188,0
DA:189,0
DA:190,0
DA:191,0
DA:192,0
DA:193,0
DA:194,0
DA:195,1
DA:196,0
DA:197,0
DA:198,0
DA:199,1
DA:200,1
DA:201,1
LF:85
LH:63
BRDA:96,0,0,11
BRDA:104,1,0,11
BRDA:106,2,0,1
BRDA:107,3,0,1
BRDA:112,4,0,7
BRDA:116,5,0,4
BRDA:134,6,0,8
BRDA:140,7,0,0
BRDA:147,8,0,8
BRDA:152,9,0,0
BRDA:156,10,0,0
BRDA:169,11,0,1
BRDA:176,12,0,1
BRF:13
BRH:10
end_of_record
TN:
SF:src\services\render\RenderService.ts
FN:89,<instance_members_initializer>
FN:102,RenderService
FN:108,initialize
FN:112,execute
FN:120,dispose
FN:128,getCacheSize
FN:135,renderRoute
FN:178,renderComponent
FN:210,parseRouterConfig
FN:242,parseImports
FN:272,parseRoutes
FN:298,loadComponent
FN:319,resolveImportPath
FN:350,normalizeRoutePath
FN:357,createDefaultFileSystem
FN:359,readFile
FN:363,exists
FN:378,createDefaultReactRenderer
FN:384,renderToStaticMarkup
FN:390,createElement
FN:402,createDefaultModuleLoader
FN:404,loadModule
FNF:22
FNH:17
FNDA:28,<instance_members_initializer>
FNDA:28,RenderService
FNDA:13,initialize
FNDA:9,execute
FNDA:2,dispose
FNDA:1,getCacheSize
FNDA:4,renderRoute
FNDA:5,renderComponent
FNDA:4,parseRouterConfig
FNDA:6,parseImports
FNDA:6,parseRoutes
FNDA:2,loadComponent
FNDA:5,resolveImportPath
FNDA:3,normalizeRoutePath
FNDA:1,createDefaultFileSystem
FNDA:0,readFile
FNDA:0,exists
FNDA:1,createDefaultReactRenderer
FNDA:0,renderToStaticMarkup
FNDA:0,createElement
FNDA:1,createDefaultModuleLoader
FNDA:0,loadModule
DA:2,1
DA:3,1
DA:88,1
DA:89,1
DA:90,28
DA:91,28
DA:93,28
DA:94,28
DA:95,28
DA:96,28
DA:99,28
DA:100,28
DA:102,1
DA:103,28
DA:104,28
DA:105,28
DA:106,28
DA:108,1
DA:109,13
DA:110,13
DA:112,1
DA:113,9
DA:114,4
DA:115,9
DA:116,5
DA:117,5
DA:118,9
DA:120,1
DA:121,2
DA:122,2
DA:123,2
DA:128,1
DA:129,1
DA:130,1
DA:135,1
DA:136,4
DA:138,4
DA:140,4
DA:143,3
DA:144,3
DA:146,4
DA:147,1
DA:148,1
DA:149,1
DA:152,2
DA:153,4
DA:154,0
DA:155,0
DA:156,0
DA:159,2
DA:160,2
DA:162,2
DA:163,2
DA:164,2
DA:165,2
DA:166,2
DA:168,2
DA:169,4
DA:170,1
DA:171,1
DA:172,1
DA:173,4
DA:178,1
DA:179,5
DA:181,5
DA:182,0
DA:183,5
DA:185,5
DA:187,5
DA:188,5
DA:189,1
DA:190,1
DA:191,1
DA:192,1
DA:193,1
DA:195,4
DA:196,4
DA:198,4
DA:199,4
DA:200,4
DA:201,4
DA:202,4
DA:204,4
DA:205,5
DA:210,1
DA:213,4
DA:214,4
DA:217,4
DA:218,0
DA:219,0
DA:220,0
DA:221,0
DA:222,0
DA:224,4
DA:225,0
DA:226,4
DA:227,4
DA:229,3
DA:230,3
DA:233,3
DA:234,3
DA:236,3
DA:237,4
DA:242,1
DA:243,6
DA:246,6
DA:247,6
DA:248,6
DA:249,10
DA:250,10
DA:253,6
DA:254,6
DA:255,3
DA:256,3
DA:257,3
DA:258,3
DA:260,5
DA:261,5
DA:262,5
DA:263,5
DA:264,3
DA:266,6
DA:267,6
DA:272,1
DA:273,6
DA:276,6
DA:277,6
DA:278,6
DA:280,5
DA:283,5
DA:284,5
DA:285,6
DA:286,10
DA:287,10
DA:288,10
DA:289,10
DA:290,10
DA:292,5
DA:293,6
DA:298,1
DA:299,2
DA:300,2
DA:301,2
DA:302,2
DA:303,2
DA:304,2
DA:306,2
DA:307,0
DA:308,0
DA:310,2
DA:311,2
DA:313,2
DA:314,2
DA:319,1
DA:320,5
DA:322,5
DA:324,1
DA:325,5
DA:326,4
DA:327,4
DA:329,0
DA:330,0
DA:332,5
DA:333,5
DA:334,5
DA:335,5
DA:336,5
DA:338,5
DA:339,12
DA:340,4
DA:341,4
DA:342,12
DA:344,1
DA:345,5
DA:350,1
DA:351,3
DA:352,3
DA:357,1
DA:358,1
DA:359,1
DA:360,0
DA:361,0
DA:362,0
DA:363,1
DA:364,0
DA:365,0
DA:366,0
DA:367,0
DA:368,0
DA:369,0
DA:370,0
DA:371,0
DA:372,1
DA:373,1
DA:378,1
DA:380,1
DA:381,1
DA:383,1
DA:384,1
DA:385,0
DA:386,0
DA:387,0
DA:388,0
DA:389,0
DA:390,1
DA:391,0
DA:392,0
DA:393,0
DA:394,0
DA:395,0
DA:396,1
DA:397,1
DA:402,1
DA:403,1
DA:404,1
DA:405,0
DA:406,0
DA:407,0
DA:408,1
DA:409,1
DA:410,1
LF:221
LH:183
BRDA:89,0,0,28
BRDA:102,1,0,28
BRDA:103,2,0,1
BRDA:104,3,0,1
BRDA:105,4,0,1
BRDA:108,5,0,13
BRDA:112,6,0,9
BRDA:113,7,0,4
BRDA:115,8,0,5
BRDA:120,9,0,2
BRDA:128,10,0,1
BRDA:135,11,0,4
BRDA:140,12,0,3
BRDA:146,13,0,1
BRDA:149,14,0,2
BRDA:153,15,0,0
BRDA:156,16,0,2
BRDA:169,17,0,1
BRDA:178,18,0,5
BRDA:181,19,0,0
BRDA:187,20,0,1
BRDA:187,21,0,4
BRDA:188,22,0,1
BRDA:189,23,0,0
BRDA:193,24,0,4
BRDA:210,25,0,4
BRDA:217,26,0,0
BRDA:217,27,0,0
BRDA:224,28,0,0
BRDA:227,29,0,3
BRDA:242,30,0,6
BRDA:248,31,0,10
BRDA:254,32,0,3
BRDA:258,33,0,5
BRDA:261,34,0,0
BRDA:257,35,0,5
BRDA:257,36,0,5
BRDA:272,37,0,6
BRDA:278,38,0,1
BRDA:278,39,0,5
BRDA:285,40,0,10
BRDA:287,41,0,5
BRDA:287,42,0,5
BRDA:290,43,0,5
BRDA:298,44,0,2
BRDA:303,45,0,0
BRDA:306,46,0,0
BRDA:313,47,0,0
BRDA:319,48,0,5
BRDA:322,49,0,1
BRDA:325,50,0,4
BRDA:325,51,0,0
BRDA:327,52,0,0
BRDA:338,53,0,12
BRDA:339,54,0,4
BRDA:342,55,0,1
BRDA:350,56,0,3
BRDA:351,57,0,2
BRDA:351,58,0,1
BRDA:351,59,0,0
BRDA:357,60,0,1
BRDA:378,61,0,1
BRDA:402,62,0,1
BRF:63
BRH:50
end_of_record
TN:
SF:src\services\view\ViewService.ts
FN:68,<instance_members_initializer>
FN:76,ViewService
FN:81,initialize
FN:85,execute
FN:139,dispose
FN:146,generatePartials
FN:217,routeToFileName
FN:230,unescapeLiquidTags
FN:231,decode
FN:247,createDefaultFileSystem
FN:249,writeFile
FN:253,mkdir
FN:257,readdir
FN:267,createDefaultRenderer
FN:272,ensureInitialized
FN:280,renderRoute
FN:289,renderComponent
FNF:17
FNH:10
FNDA:13,<instance_members_initializer>
FNDA:13,ViewService
FNDA:10,initialize
FNDA:7,execute
FNDA:1,dispose
FNDA:1,generatePartials
FNDA:11,routeToFileName
FNDA:2,unescapeLiquidTags
FNDA:0,decode
FNDA:1,createDefaultFileSystem
FNDA:0,writeFile
FNDA:0,mkdir
FNDA:0,readdir
FNDA:1,createDefaultRenderer
FNDA:0,ensureInitialized
FNDA:0,renderRoute
FNDA:0,renderComponent
DA:2,1
DA:3,1
DA:67,1
DA:68,1
DA:69,13
DA:70,13
DA:72,13
DA:73,13
DA:74,13
DA:76,1
DA:77,13
DA:78,13
DA:79,13
DA:81,1
DA:82,10
DA:83,10
DA:85,1
DA:86,7
DA:88,7
DA:89,7
DA:91,7
DA:94,7
DA:95,11
DA:96,11
DA:97,11
DA:98,11
DA:99,11
DA:101,11
DA:102,11
DA:105,11
DA:107,11
DA:109,11
DA:110,11
DA:111,11
DA:112,11
DA:113,11
DA:115,11
DA:116,11
DA:117,11
DA:118,11
DA:120,11
DA:121,11
DA:122,0
DA:123,0
DA:124,0
DA:125,11
DA:128,7
DA:129,7
DA:130,1
DA:131,1
DA:133,7
DA:134,7
DA:135,7
DA:136,7
DA:137,7
DA:139,1
DA:141,1
DA:146,1
DA:147,1
DA:148,1
DA:149,1
DA:150,1
DA:151,1
DA:153,1
DA:155,1
DA:157,1
DA:158,1
DA:160,1
DA:162,2
DA:163,2
DA:164,2
DA:165,0
DA:166,0
DA:168,2
DA:169,2
DA:170,2
DA:172,2
DA:174,2
DA:175,2
DA:176,2
DA:177,2
DA:178,2
DA:179,2
DA:180,2
DA:181,2
DA:182,0
DA:183,0
DA:184,0
DA:185,0
DA:186,0
DA:189,2
DA:191,2
DA:192,2
DA:194,2
DA:195,2
DA:197,2
DA:198,2
DA:199,2
DA:200,2
DA:202,2
DA:203,2
DA:204,0
DA:205,0
DA:206,2
DA:207,1
DA:208,0
DA:209,0
DA:211,1
DA:212,1
DA:217,1
DA:218,11
DA:219,7
DA:220,7
DA:223,4
DA:224,4
DA:225,11
DA:230,1
DA:231,2
DA:232,0
DA:233,0
DA:234,0
DA:237,2
DA:239,2
DA:241,2
DA:242,2
DA:247,1
DA:248,1
DA:249,1
DA:250,0
DA:251,0
DA:252,0
DA:253,1
DA:254,0
DA:255,0
DA:256,0
DA:257,1
DA:258,0
DA:259,0
DA:260,0
DA:261,1
DA:262,1
DA:267,1
DA:269,1
DA:270,1
DA:272,1
DA:273,0
DA:274,0
DA:275,0
DA:276,0
DA:277,0
DA:279,1
DA:280,1
DA:281,0
DA:282,0
DA:283,0
DA:284,0
DA:285,0
DA:286,0
DA:287,0
DA:288,0
DA:289,1
DA:290,0
DA:291,0
DA:292,0
DA:293,0
DA:294,0
DA:295,0
DA:296,0
DA:297,0
DA:298,0
DA:299,1
DA:300,1
DA:301,1
LF:173
LH:125
BRDA:68,0,0,13
BRDA:76,1,0,13
BRDA:77,2,0,1
BRDA:78,3,0,1
BRDA:81,4,0,10
BRDA:85,5,0,7
BRDA:94,6,0,11
BRDA:121,7,0,0
BRDA:129,8,0,1
BRDA:139,9,0,1
BRDA:146,10,0,1
BRDA:160,11,0,2
BRDA:163,12,0,0
BRDA:163,13,0,0
BRDA:164,14,0,0
BRDA:164,15,0,0
BRDA:181,16,0,0
BRDA:203,17,0,0
BRDA:207,18,0,0
BRDA:217,19,0,11
BRDA:218,20,0,7
BRDA:220,21,0,4
BRDA:230,22,0,2
BRDA:247,23,0,1
BRDA:267,24,0,1
BRF:25
BRH:17
end_of_record
